<?xml version="1.0" encoding="UTF-8"?>
<testng-results skipped="0" failed="0" total="3" passed="3">
  <reporter-output>
  </reporter-output>
  <suite name="Suite" duration-ms="21768" started-at="2020-07-15T05:21:44Z" finished-at="2020-07-15T05:22:06Z">
    <groups>
    </groups>
    <test name="Test" duration-ms="21768" started-at="2020-07-15T05:21:44Z" finished-at="2020-07-15T05:22:06Z">
      <class name="Test3.NewTest">
        <test-method status="PASS" signature="h()[pri:0, instance:Test3.NewTest@6a396c1e]" name="h" duration-ms="10" started-at="2020-07-15T13:21:44Z" finished-at="2020-07-15T13:21:44Z">
          <reporter-output>
          </reporter-output>
        </test-method> <!-- h -->
        <test-method status="PASS" signature="g()[pri:0, instance:Test3.NewTest@6a396c1e]" name="g" duration-ms="16393" started-at="2020-07-15T13:21:44Z" finished-at="2020-07-15T13:22:01Z">
          <reporter-output>
          </reporter-output>
        </test-method> <!-- g -->
        <test-method status="PASS" signature="f()[pri:0, instance:Test3.NewTest@6a396c1e]" name="f" duration-ms="21747" started-at="2020-07-15T13:21:44Z" finished-at="2020-07-15T13:22:06Z">
          <reporter-output>
          </reporter-output>
        </test-method> <!-- f -->
      </class> <!-- Test3.NewTest -->
    </test> <!-- Test -->
  </suite> <!-- Suite -->
</testng-results>
